0 info it worked if it ends with ok
1 verbose cli [ '/usr/local/bin/node',
1 verbose cli   '/usr/local/bin/npm',
1 verbose cli   'install',
1 verbose cli   'stream-adventure',
1 verbose cli   '-g' ]
2 info using npm@2.5.1
3 info using node@v0.12.1
4 silly cache add args [ 'stream-adventure', null ]
5 verbose cache add spec stream-adventure
6 silly cache add parsed spec { raw: 'stream-adventure',
6 silly cache add   scope: null,
6 silly cache add   name: 'stream-adventure',
6 silly cache add   rawSpec: '',
6 silly cache add   spec: '*',
6 silly cache add   type: 'range' }
7 verbose addNamed stream-adventure@*
8 silly addNamed semver.valid null
9 silly addNamed semver.validRange *
10 silly addNameRange { name: 'stream-adventure', range: '*', hasData: false }
11 silly mapToRegistry name stream-adventure
12 silly mapToRegistry using default registry
13 silly mapToRegistry registry https://registry.npmjs.org/
14 silly mapToRegistry uri https://registry.npmjs.org/stream-adventure
15 verbose addNameRange registry:https://registry.npmjs.org/stream-adventure not in flight; fetching
16 verbose request uri https://registry.npmjs.org/stream-adventure
17 verbose request no auth needed
18 info attempt registry request try #1 at 3:08:59 PM
19 verbose request id 65731fd3e41a174c
20 http request GET https://registry.npmjs.org/stream-adventure
21 http 200 https://registry.npmjs.org/stream-adventure
22 silly get cb [ 200,
22 silly get   { server: 'CouchDB/1.5.0 (Erlang OTP/R16B03)',
22 silly get     etag: '"8IQQ1UXA9R3OD9IBJHGH7C3OG"',
22 silly get     'content-type': 'application/json',
22 silly get     'cache-control': 'max-age=60',
22 silly get     'content-length': '51472',
22 silly get     'accept-ranges': 'bytes',
22 silly get     date: 'Tue, 19 May 2015 20:08:59 GMT',
22 silly get     via: '1.1 varnish',
22 silly get     age: '0',
22 silly get     connection: 'keep-alive',
22 silly get     'x-served-by': 'cache-dfw1823-DFW',
22 silly get     'x-cache': 'MISS',
22 silly get     'x-cache-hits': '0',
22 silly get     'x-timer': 'S1432066139.224289,VS0,VE185',
22 silly get     vary: 'Accept' } ]
23 verbose get saving stream-adventure to /Users/ElToroGuapo/.npm/registry.npmjs.org/stream-adventure/.cache.json
24 silly addNameRange number 2 { name: 'stream-adventure', range: '*', hasData: true }
25 silly addNameRange versions [ 'stream-adventure',
25 silly addNameRange   [ '0.0.0',
25 silly addNameRange     '0.1.0',
25 silly addNameRange     '0.2.0',
25 silly addNameRange     '0.3.0',
25 silly addNameRange     '0.4.0',
25 silly addNameRange     '0.5.0',
25 silly addNameRange     '0.6.0',
25 silly addNameRange     '0.7.0',
25 silly addNameRange     '0.7.1',
25 silly addNameRange     '0.7.2',
25 silly addNameRange     '0.8.0',
25 silly addNameRange     '1.0.0',
25 silly addNameRange     '1.0.1',
25 silly addNameRange     '1.0.2',
25 silly addNameRange     '1.0.3',
25 silly addNameRange     '1.0.4',
25 silly addNameRange     '1.0.5',
25 silly addNameRange     '1.0.6',
25 silly addNameRange     '1.1.0',
25 silly addNameRange     '1.1.1',
25 silly addNameRange     '2.0.0',
25 silly addNameRange     '2.0.1',
25 silly addNameRange     '2.0.2',
25 silly addNameRange     '2.1.0',
25 silly addNameRange     '2.1.1',
25 silly addNameRange     '2.2.0',
25 silly addNameRange     '2.3.0',
25 silly addNameRange     '2.4.0',
25 silly addNameRange     '2.4.1',
25 silly addNameRange     '2.4.2',
25 silly addNameRange     '2.4.3',
25 silly addNameRange     '2.5.0',
25 silly addNameRange     '2.5.1',
25 silly addNameRange     '3.0.0',
25 silly addNameRange     '4.0.0',
25 silly addNameRange     '4.0.2',
25 silly addNameRange     '4.0.3' ] ]
26 verbose addNamed stream-adventure@4.0.3
27 silly addNamed semver.valid 4.0.3
28 silly addNamed semver.validRange 4.0.3
29 silly mapToRegistry name stream-adventure
30 silly mapToRegistry using default registry
31 silly mapToRegistry registry https://registry.npmjs.org/
32 silly mapToRegistry uri https://registry.npmjs.org/stream-adventure
33 verbose addRemoteTarball https://registry.npmjs.org/stream-adventure/-/stream-adventure-4.0.3.tgz not in flight; adding
34 verbose addRemoteTarball [ 'https://registry.npmjs.org/stream-adventure/-/stream-adventure-4.0.3.tgz',
34 verbose addRemoteTarball   'f0ef773c04fdb8af124ca51c9e1b942d6f60274d' ]
35 info retry fetch attempt 1 at 3:09:00 PM
36 info attempt registry request try #1 at 3:09:00 PM
37 http fetch GET https://registry.npmjs.org/stream-adventure/-/stream-adventure-4.0.3.tgz
38 http fetch 200 https://registry.npmjs.org/stream-adventure/-/stream-adventure-4.0.3.tgz
39 silly fetchAndShaCheck shasum f0ef773c04fdb8af124ca51c9e1b942d6f60274d
40 verbose addTmpTarball /var/folders/3w/8ls08yj517v6b_sfkt0cpkk80000gn/T/npm-3857-eb037649/registry.npmjs.org/stream-adventure/-/stream-adventure-4.0.3.tgz not in flight; adding
41 verbose addTmpTarball already have metadata; skipping unpack for stream-adventure@4.0.3
42 silly cache afterAdd stream-adventure@4.0.3
43 verbose afterAdd /Users/ElToroGuapo/.npm/stream-adventure/4.0.3/package/package.json not in flight; writing
44 verbose afterAdd /Users/ElToroGuapo/.npm/stream-adventure/4.0.3/package/package.json written
45 silly install resolved [ { name: 'stream-adventure',
45 silly install resolved     version: '4.0.3',
45 silly install resolved     description: 'an educational stream adventure',
45 silly install resolved     bin: { 'stream-adventure': 'bin/cmd.js' },
45 silly install resolved     dependencies:
45 silly install resolved      { adventure: '^2.10.0',
45 silly install resolved        'adventure-verify': '^2.2.0',
45 silly install resolved        browserify: '^9.0.3',
45 silly install resolved        chunky: '~0.0.0',
45 silly install resolved        clone: '~0.1.9',
45 silly install resolved        'concat-stream': '^1.4.7',
45 silly install resolved        duplexer2: '~0.0.2',
45 silly install resolved        hyperquest: '^1.0.1',
45 silly install resolved        mkdirp: '~0.5.0',
45 silly install resolved        optimist: '~0.5.2',
45 silly install resolved        osenv: '^0.1.0',
45 silly install resolved        provinces: '~0.2.0',
45 silly install resolved        request: '~2.21.0',
45 silly install resolved        split: '~0.2.5',
45 silly install resolved        'stream-combiner': '^0.2.1',
45 silly install resolved        'stream-combiner2': '^1.0.2',
45 silly install resolved        tar: '~0.1.17',
45 silly install resolved        'terminal-menu': '~2.1.1',
45 silly install resolved        through2: '^0.6.3',
45 silly install resolved        trumpet: '^1.7.0',
45 silly install resolved        'tuple-stream': '~0.0.2',
45 silly install resolved        'websocket-stream': '^1.3.2',
45 silly install resolved        wordwrap: '~0.0.2',
45 silly install resolved        x256: '~0.0.1' },
45 silly install resolved     devDependencies: { tape: '~2.3.0' },
45 silly install resolved     scripts: { test: 'tape test/*.js' },
45 silly install resolved     repository:
45 silly install resolved      { type: 'git',
45 silly install resolved        url: 'git://github.com/substack/stream-adventure.git' },
45 silly install resolved     homepage: 'https://github.com/substack/stream-adventure',
45 silly install resolved     keywords: [ 'stream', 'educational', 'guide', 'tutorial', 'learn' ],
45 silly install resolved     author:
45 silly install resolved      { name: 'James Halliday',
45 silly install resolved        email: 'mail@substack.net',
45 silly install resolved        url: 'http://substack.net' },
45 silly install resolved     license: 'MIT',
45 silly install resolved     gitHead: '2c04809b37712e7aaa0a0c490c7d84f1502cfa1a',
45 silly install resolved     bugs: { url: 'https://github.com/substack/stream-adventure/issues' },
45 silly install resolved     _id: 'stream-adventure@4.0.3',
45 silly install resolved     _shasum: 'f0ef773c04fdb8af124ca51c9e1b942d6f60274d',
45 silly install resolved     _from: 'stream-adventure@*',
45 silly install resolved     _npmVersion: '2.7.5',
45 silly install resolved     _nodeVersion: '0.12.0',
45 silly install resolved     _npmUser: { name: 'substack', email: 'mail@substack.net' },
45 silly install resolved     maintainers: [ [Object], [Object], [Object] ],
45 silly install resolved     dist:
45 silly install resolved      { shasum: 'f0ef773c04fdb8af124ca51c9e1b942d6f60274d',
45 silly install resolved        tarball: 'http://registry.npmjs.org/stream-adventure/-/stream-adventure-4.0.3.tgz' },
45 silly install resolved     directories: {},
45 silly install resolved     _resolved: 'https://registry.npmjs.org/stream-adventure/-/stream-adventure-4.0.3.tgz' } ]
46 info install stream-adventure@4.0.3 into /usr/local/lib
47 info installOne stream-adventure@4.0.3
48 verbose installOne of stream-adventure to /usr/local/lib not in flight; installing
49 warn locking Error: EACCES, open '/Users/ElToroGuapo/.npm/_locks/stream-adventure-ea44815023fd15b6.lock'
49 warn locking     at Error (native)
49 warn locking  /Users/ElToroGuapo/.npm/_locks/stream-adventure-ea44815023fd15b6.lock failed { [Error: EACCES, open '/Users/ElToroGuapo/.npm/_locks/stream-adventure-ea44815023fd15b6.lock']
49 warn locking   errno: -13,
49 warn locking   code: 'EACCES',
49 warn locking   path: '/Users/ElToroGuapo/.npm/_locks/stream-adventure-ea44815023fd15b6.lock' }
50 verbose stack Error: Attempt to unlock /usr/local/lib/node_modules/stream-adventure, which hasn't been locked
50 verbose stack     at unlock (/usr/local/lib/node_modules/npm/lib/utils/locker.js:66:11)
50 verbose stack     at cb (/usr/local/lib/node_modules/npm/lib/install.js:929:5)
50 verbose stack     at /usr/local/lib/node_modules/npm/lib/install.js:933:20
50 verbose stack     at /usr/local/lib/node_modules/npm/lib/utils/locker.js:40:9
50 verbose stack     at cb (/usr/local/lib/node_modules/npm/node_modules/lockfile/lockfile.js:149:38)
50 verbose stack     at /usr/local/lib/node_modules/npm/node_modules/lockfile/lockfile.js:177:38
50 verbose stack     at FSReqWrap.oncomplete (fs.js:99:15)
51 verbose cwd /Users/ElToroGuapo/Repos/code-school-solutions/learnyounode
52 error Darwin 14.3.0
53 error argv "/usr/local/bin/node" "/usr/local/bin/npm" "install" "stream-adventure" "-g"
54 error node v0.12.1
55 error npm  v2.5.1
56 error Attempt to unlock /usr/local/lib/node_modules/stream-adventure, which hasn't been locked
57 error If you need help, you may report this error at:
57 error     <http://github.com/npm/npm/issues>
58 verbose exit [ 1, true ]
